# JRE version: Java(TM) SE Runtime Environment (8.0_171-b11) (build 1.8.0_171-b11)
# Java VM: Java HotSpot(TM) 64-Bit Server VM (25.171-b11 mixed mode linux-amd64 compressed oops)
Heap:
 PSYoungGen      total 255488K, used 11348K [0x00000000d6900000, 0x00000000e7e00000, 0x0000000100000000)
  eden space 233984K, 0% used [0x00000000d6900000,0x00000000d6900000,0x00000000e4d80000)
  from space 21504K, 52% used [0x00000000e5400000,0x00000000e5f15398,0x00000000e6900000)
  to   space 10752K, 0% used [0x00000000e7380000,0x00000000e7380000,0x00000000e7e00000)
 ParOldGen       total 59904K, used 30142K [0x0000000083a00000, 0x0000000087480000, 0x00000000d6900000)
  object space 59904K, 50% used [0x0000000083a00000,0x000000008576f830,0x0000000087480000)
 Metaspace       used 34764K, capacity 35406K, committed 35496K, reserved 1081344K
  class space    used 4047K, capacity 4259K, committed 4264K, reserved 1048576K
GC Heap History (10 events):
Event: 24.599 GC heap after
Heap after GC invocations=3 (full 0):
 PSYoungGen      total 70656K, used 5104K [0x00000000d6900000, 0x00000000df300000, 0x0000000100000000)
  eden space 65536K, 0% used [0x00000000d6900000,0x00000000d6900000,0x00000000da900000)
  from space 5120K, 99% used [0x00000000da900000,0x00000000dadfc250,0x00000000dae00000)
  to   space 5120K, 0% used [0x00000000dee00000,0x00000000dee00000,0x00000000df300000)
 ParOldGen       total 86016K, used 7913K [0x0000000083a00000, 0x0000000088e00000, 0x00000000d6900000)
  object space 86016K, 9% used [0x0000000083a00000,0x00000000841ba6a0,0x0000000088e00000)
 Metaspace       used 18680K, capacity 19042K, committed 19328K, reserved 1067008K
  class space    used 2263K, capacity 2387K, committed 2432K, reserved 1048576K
}
Event: 26.602 GC heap before
{Heap before GC invocations=4 (full 0):
 PSYoungGen      total 70656K, used 70640K [0x00000000d6900000, 0x00000000df300000, 0x0000000100000000)
  eden space 65536K, 100% used [0x00000000d6900000,0x00000000da900000,0x00000000da900000)
  from space 5120K, 99% used [0x00000000da900000,0x00000000dadfc250,0x00000000dae00000)
  to   space 5120K, 0% used [0x00000000dee00000,0x00000000dee00000,0x00000000df300000)
 ParOldGen       total 86016K, used 7913K [0x0000000083a00000, 0x0000000088e00000, 0x00000000d6900000)
  object space 86016K, 9% used [0x0000000083a00000,0x00000000841ba6a0,0x0000000088e00000)
 Metaspace       used 19395K, capacity 19776K, committed 19968K, reserved 1067008K
  class space    used 2322K, capacity 2460K, committed 2560K, reserved 1048576K
Event: 26.628 GC heap after
Heap after GC invocations=4 (full 0):
 PSYoungGen      total 136192K, used 5088K [0x00000000d6900000, 0x00000000df300000, 0x0000000100000000)
  eden space 131072K, 0% used [0x00000000d6900000,0x00000000d6900000,0x00000000de900000)
  from space 5120K, 99% used [0x00000000dee00000,0x00000000df2f8020,0x00000000df300000)
  to   space 5120K, 0% used [0x00000000de900000,0x00000000de900000,0x00000000dee00000)
 ParOldGen       total 86016K, used 10747K [0x0000000083a00000, 0x0000000088e00000, 0x00000000d6900000)
  object space 86016K, 12% used [0x0000000083a00000,0x000000008447efb0,0x0000000088e00000)
 Metaspace       used 19395K, capacity 19776K, committed 19968K, reserved 1067008K
  class space    used 2322K, capacity 2460K, committed 2560K, reserved 1048576K
}
Event: 28.859 GC heap before
{Heap before GC invocations=5 (full 0):
 PSYoungGen      total 136192K, used 54093K [0x00000000d6900000, 0x00000000df300000, 0x0000000100000000)
  eden space 131072K, 37% used [0x00000000d6900000,0x00000000d98db408,0x00000000de900000)
  from space 5120K, 99% used [0x00000000dee00000,0x00000000df2f8020,0x00000000df300000)
  to   space 5120K, 0% used [0x00000000de900000,0x00000000de900000,0x00000000dee00000)
 ParOldGen       total 86016K, used 10747K [0x0000000083a00000, 0x0000000088e00000, 0x00000000d6900000)
  object space 86016K, 12% used [0x0000000083a00000,0x000000008447efb0,0x0000000088e00000)
 Metaspace       used 20496K, capacity 21068K, committed 21296K, reserved 1069056K
  class space    used 2417K, capacity 2614K, committed 2688K, reserved 1048576K
Event: 29.154 GC heap after
Heap after GC invocations=5 (full 0):
 PSYoungGen      total 136192K, used 5104K [0x00000000d6900000, 0x00000000e7e00000, 0x0000000100000000)
  eden space 131072K, 0% used [0x00000000d6900000,0x00000000d6900000,0x00000000de900000)
  from space 5120K, 99% used [0x00000000de900000,0x00000000dedfc010,0x00000000dee00000)
  to   space 10752K, 0% used [0x00000000e7380000,0x00000000e7380000,0x00000000e7e00000)
 ParOldGen       total 86016K, used 13641K [0x0000000083a00000, 0x0000000088e00000, 0x00000000d6900000)
  object space 86016K, 15% used [0x0000000083a00000,0x00000000847525a8,0x0000000088e00000)
 Metaspace       used 20496K, capacity 21068K, committed 21296K, reserved 1069056K
  class space    used 2417K, capacity 2614K, committed 2688K, reserved 1048576K
}
Event: 29.155 GC heap before
{Heap before GC invocations=6 (full 1):
 PSYoungGen      total 136192K, used 5104K [0x00000000d6900000, 0x00000000e7e00000, 0x0000000100000000)
  eden space 131072K, 0% used [0x00000000d6900000,0x00000000d6900000,0x00000000de900000)
  from space 5120K, 99% used [0x00000000de900000,0x00000000dedfc010,0x00000000dee00000)
  to   space 10752K, 0% used [0x00000000e7380000,0x00000000e7380000,0x00000000e7e00000)
 ParOldGen       total 86016K, used 13641K [0x0000000083a00000, 0x0000000088e00000, 0x00000000d6900000)
  object space 86016K, 15% used [0x0000000083a00000,0x00000000847525a8,0x0000000088e00000)
 Metaspace       used 20496K, capacity 21068K, committed 21296K, reserved 1069056K
  class space    used 2417K, capacity 2614K, committed 2688K, reserved 1048576K
Event: 29.471 GC heap after
Heap after GC invocations=6 (full 1):
 PSYoungGen      total 136192K, used 0K [0x00000000d6900000, 0x00000000e7e00000, 0x0000000100000000)
  eden space 131072K, 0% used [0x00000000d6900000,0x00000000d6900000,0x00000000de900000)
  from space 5120K, 0% used [0x00000000de900000,0x00000000de900000,0x00000000dee00000)
  to   space 10752K, 0% used [0x00000000e7380000,0x00000000e7380000,0x00000000e7e00000)
 ParOldGen       total 59904K, used 13500K [0x0000000083a00000, 0x0000000087480000, 0x00000000d6900000)
  object space 59904K, 22% used [0x0000000083a00000,0x000000008472f270,0x0000000087480000)
 Metaspace       used 20496K, capacity 21068K, committed 21296K, reserved 1069056K
  class space    used 2417K, capacity 2614K, committed 2688K, reserved 1048576K
}
Event: 46.184 GC heap before
{Heap before GC invocations=7 (full 1):
 PSYoungGen      total 136192K, used 131072K [0x00000000d6900000, 0x00000000e7e00000, 0x0000000100000000)
  eden space 131072K, 100% used [0x00000000d6900000,0x00000000de900000,0x00000000de900000)
  from space 5120K, 0% used [0x00000000de900000,0x00000000de900000,0x00000000dee00000)
  to   space 10752K, 0% used [0x00000000e7380000,0x00000000e7380000,0x00000000e7e00000)
 ParOldGen       total 59904K, used 13500K [0x0000000083a00000, 0x0000000087480000, 0x00000000d6900000)
  object space 59904K, 22% used [0x0000000083a00000,0x000000008472f270,0x0000000087480000)
 Metaspace       used 34416K, capacity 35086K, committed 35200K, reserved 1081344K
  class space    used 3999K, capacity 4195K, committed 4224K, reserved 1048576K
Event: 47.001 GC heap after
Heap after GC invocations=7 (full 1):
 PSYoungGen      total 244736K, used 10728K [0x00000000d6900000, 0x00000000e7e00000, 0x0000000100000000)
  eden space 233984K, 0% used [0x00000000d6900000,0x00000000d6900000,0x00000000e4d80000)
  from space 10752K, 99% used [0x00000000e7380000,0x00000000e7dfa338,0x00000000e7e00000)
  to   space 21504K, 0% used [0x00000000e5400000,0x00000000e5400000,0x00000000e6900000)
 ParOldGen       total 59904K, used 30142K [0x0000000083a00000, 0x0000000087480000, 0x00000000d6900000)
  object space 59904K, 50% used [0x0000000083a00000,0x000000008576f830,0x0000000087480000)
 Metaspace       used 34416K, capacity 35086K, committed 35200K, reserved 1081344K
  class space    used 3999K, capacity 4195K, committed 4224K, reserved 1048576K
}
Event: 47.639 GC heap before
{Heap before GC invocations=8 (full 1):
 PSYoungGen      total 244736K, used 19596K [0x00000000d6900000, 0x00000000e7e00000, 0x0000000100000000)
  eden space 233984K, 3% used [0x00000000d6900000,0x00000000d71a8d58,0x00000000e4d80000)
  from space 10752K, 99% used [0x00000000e7380000,0x00000000e7dfa338,0x00000000e7e00000)
  to   space 21504K, 0% used [0x00000000e5400000,0x00000000e5400000,0x00000000e6900000)
 ParOldGen       total 59904K, used 30142K [0x0000000083a00000, 0x0000000087480000, 0x00000000d6900000)
  object space 59904K, 50% used [0x0000000083a00000,0x000000008576f830,0x0000000087480000)
 Metaspace       used 34764K, capacity 35406K, committed 35496K, reserved 1081344K
  class space    used 4047K, capacity 4259K, committed 4264K, reserved 1048576K

